<?xml version="1.0" encoding="UTF-8"?>
<!-- Generated by org.testng.reporters.JUnitReportReporter -->
<testsuite hostname="ZIVLPT105" name="test.launch" tests="1" failures="0" timestamp="22 Apr 2016 12:27:30 GMT" time="85.489" errors="0">
  <testcase name="firstTest" time="85.489" classname="test.launch"/>
</testsuite> <!-- test.launch -->
