<?xml version="1.0" encoding="UTF-8"?>
<!-- Generated by org.testng.reporters.JUnitReportReporter -->
<testsuite hostname="ZIVLPT105" name="test.FirstAppiumTest" tests="1" failures="0" timestamp="16 May 2016 09:15:13 GMT" time="24.785" errors="0">
  <testcase name="firstTest" time="24.785" classname="test.FirstAppiumTest"/>
</testsuite> <!-- test.FirstAppiumTest -->
